<?xml version="1.0" encoding="UTF-8"?>
<testng-results skipped="0" failed="0" ignored="0" total="1" passed="1">
  <reporter-output>
  </reporter-output>
  <suite name="Command line suite" duration-ms="25" started-at="2019-12-20T07:05:37Z" finished-at="2019-12-20T07:05:37Z">
    <groups>
    </groups>
    <test name="Command line test" duration-ms="25" started-at="2019-12-20T07:05:37Z" finished-at="2019-12-20T07:05:37Z">
      <class name="com.Google.SimpleProject.AppTest">
        <test-method status="PASS" signature="testApp()[pri:0, instance:testApp(com.Google.SimpleProject.AppTest)]" name="testApp" duration-ms="1" started-at="2019-12-20T07:05:37Z" finished-at="2019-12-20T07:05:37Z">
          <reporter-output>
          </reporter-output>
        </test-method> <!-- testApp -->
      </class> <!-- com.Google.SimpleProject.AppTest -->
    </test> <!-- Command line test -->
  </suite> <!-- Command line suite -->
</testng-results>
