<?xml version="1.0" encoding="UTF-8"?>
<testng-results skipped="0" failed="0" ignored="0" total="1" passed="1">
  <reporter-output>
  </reporter-output>
  <suite name="Command line suite" duration-ms="12199" started-at="2019-12-20T07:05:25Z" finished-at="2019-12-20T07:05:37Z">
    <groups>
    </groups>
    <test name="Command line test" duration-ms="12199" started-at="2019-12-20T07:05:25Z" finished-at="2019-12-20T07:05:37Z">
      <class name="com.Google.TestCases.LoginTest">
        <test-method status="PASS" signature="testMethodSetup()[pri:0, instance:com.Google.TestCases.LoginTest@115b42e]" name="testMethodSetup" is-config="true" duration-ms="7198" started-at="2019-12-20T07:05:25Z" finished-at="2019-12-20T07:05:32Z">
          <reporter-output>
          </reporter-output>
        </test-method> <!-- testMethodSetup -->
        <test-method status="PASS" signature="testlogin()[pri:0, instance:com.Google.TestCases.LoginTest@115b42e]" name="testlogin" duration-ms="4079" started-at="2019-12-20T07:05:32Z" finished-at="2019-12-20T07:05:36Z">
          <reporter-output>
          </reporter-output>
        </test-method> <!-- testlogin -->
        <test-method status="PASS" signature="testMethodCleanup()[pri:0, instance:com.Google.TestCases.LoginTest@115b42e]" name="testMethodCleanup" is-config="true" duration-ms="875" started-at="2019-12-20T07:05:36Z" finished-at="2019-12-20T07:05:37Z">
          <reporter-output>
          </reporter-output>
        </test-method> <!-- testMethodCleanup -->
      </class> <!-- com.Google.TestCases.LoginTest -->
    </test> <!-- Command line test -->
  </suite> <!-- Command line suite -->
</testng-results>
